  INFO ---------------------------------------------------------------------------
  INFO START 2024-04-12 14:44:47 +0700 cap production deploy:initial
  INFO ---------------------------------------------------------------------------
 DEBUG [875d21b3] Running [ -d $HOME/.rbenv/versions/3.0.0 ] on 54.89.240.243
 DEBUG [875d21b3] Command: [ -d $HOME/.rbenv/versions/3.0.0 ]
 DEBUG [875d21b3] Finished in 4.368 seconds with exit status 0 (successful).
  INFO [f9cb63d6] Running mkdir /home/ubuntu/apps/shop_katsu/shared/tmp/sockets -p on 54.89.240.243
 DEBUG [f9cb63d6] Command: mkdir /home/ubuntu/apps/shop_katsu/shared/tmp/sockets -p
  INFO [f9cb63d6] Finished in 0.880 seconds with exit status 0 (successful).
  INFO [17f931cb] Running mkdir /home/ubuntu/apps/shop_katsu/shared/tmp/pids -p on 54.89.240.243
 DEBUG [17f931cb] Command: mkdir /home/ubuntu/apps/shop_katsu/shared/tmp/pids -p
  INFO [17f931cb] Finished in 0.832 seconds with exit status 0 (successful).
  INFO [8e052ab1] Running /usr/bin/env mkdir -p /tmp on 54.89.240.243
 DEBUG [8e052ab1] Command: ( export PATH="~/.rbenv/shims:~/.rbenv/bin:$PATH" RBENV_ROOT="$HOME/.rbenv" RBENV_VERSION="3.0.0" ; /usr/bin/env mkdir -p /tmp )
  INFO [8e052ab1] Finished in 0.898 seconds with exit status 0 (successful).
 DEBUG Uploading /tmp/git-ssh-77bc52a9854d92dca59c.sh 0.0%
  INFO Uploading /tmp/git-ssh-77bc52a9854d92dca59c.sh 100.0%
  INFO [d4622cd8] Running /usr/bin/env chmod 700 /tmp/git-ssh-77bc52a9854d92dca59c.sh on 54.89.240.243
 DEBUG [d4622cd8] Command: ( export PATH="~/.rbenv/shims:~/.rbenv/bin:$PATH" RBENV_ROOT="$HOME/.rbenv" RBENV_VERSION="3.0.0" ; /usr/bin/env chmod 700 /tmp/git-ssh-77bc52a9854d92dca59c.sh )
  INFO [d4622cd8] Finished in 0.841 seconds with exit status 0 (successful).
  INFO [23beb9ea] Running /usr/bin/env git ls-remote git@github.com:phatnx/shop_katsu.git HEAD on 54.89.240.243
 DEBUG [23beb9ea] Command: ( export PATH="~/.rbenv/shims:~/.rbenv/bin:$PATH" RBENV_ROOT="$HOME/.rbenv" RBENV_VERSION="3.0.0" GIT_ASKPASS="/bin/echo" GIT_SSH="/tmp/git-ssh-77bc52a9854d92dca59c.sh" ; /usr/bin/env git ls-remote git@github.com:phatnx/shop_katsu.git HEAD )
 DEBUG [23beb9ea] 	1844be74445358378fecef5d6d519cd9c30d88d1
 DEBUG [23beb9ea] 		HEAD
  INFO [23beb9ea] Finished in 1.679 seconds with exit status 0 (successful).
  INFO [ef52401e] Running /usr/bin/env mkdir -p /home/ubuntu/apps/shop_katsu/shared /home/ubuntu/apps/shop_katsu/releases on 54.89.240.243
 DEBUG [ef52401e] Command: ( export PATH="~/.rbenv/shims:~/.rbenv/bin:$PATH" RBENV_ROOT="$HOME/.rbenv" RBENV_VERSION="3.0.0" ; /usr/bin/env mkdir -p /home/ubuntu/apps/shop_katsu/shared /home/ubuntu/apps/shop_katsu/releases )
  INFO [ef52401e] Finished in 0.615 seconds with exit status 0 (successful).
  INFO [54539a36] Running /usr/bin/env mkdir -p /home/ubuntu/apps/shop_katsu/shared/public/assets on 54.89.240.243
 DEBUG [54539a36] Command: ( export PATH="~/.rbenv/shims:~/.rbenv/bin:$PATH" RBENV_ROOT="$HOME/.rbenv" RBENV_VERSION="3.0.0" ; /usr/bin/env mkdir -p /home/ubuntu/apps/shop_katsu/shared/public/assets )
  INFO [54539a36] Finished in 0.877 seconds with exit status 0 (successful).
 DEBUG [99842f3a] Running [ -f /home/ubuntu/apps/shop_katsu/shared/puma.rb ] on 54.89.240.243
 DEBUG [99842f3a] Command: [ -f /home/ubuntu/apps/shop_katsu/shared/puma.rb ]
 DEBUG [99842f3a] Finished in 0.826 seconds with exit status 0 (successful).
 DEBUG [094120c2] Running [ -f /home/ubuntu/apps/shop_katsu/current/REVISION ] on 54.89.240.243
 DEBUG [094120c2] Command: [ -f /home/ubuntu/apps/shop_katsu/current/REVISION ]
 DEBUG [094120c2] Finished in 0.827 seconds with exit status 1 (failed).
 DEBUG [8ff4f353] Running [ -f /home/ubuntu/apps/shop_katsu/repo/HEAD ] on 54.89.240.243
 DEBUG [8ff4f353] Command: [ -f /home/ubuntu/apps/shop_katsu/repo/HEAD ]
 DEBUG [8ff4f353] Finished in 0.828 seconds with exit status 0 (successful).
  INFO The repository mirror is at /home/ubuntu/apps/shop_katsu/repo
 DEBUG [55215d5b] Running if test ! -d /home/ubuntu/apps/shop_katsu/repo; then echo "Directory does not exist '/home/ubuntu/apps/shop_katsu/repo'" 1>&2; false; fi on 54.89.240.243
 DEBUG [55215d5b] Command: if test ! -d /home/ubuntu/apps/shop_katsu/repo; then echo "Directory does not exist '/home/ubuntu/apps/shop_katsu/repo'" 1>&2; false; fi
 DEBUG [55215d5b] Finished in 0.825 seconds with exit status 0 (successful).
  INFO [80dd372e] Running /usr/bin/env git remote set-url origin git@github.com:phatnx/shop_katsu.git on 54.89.240.243
 DEBUG [80dd372e] Command: cd /home/ubuntu/apps/shop_katsu/repo && ( export PATH="~/.rbenv/shims:~/.rbenv/bin:$PATH" RBENV_ROOT="$HOME/.rbenv" RBENV_VERSION="3.0.0" GIT_ASKPASS="/bin/echo" GIT_SSH="/tmp/git-ssh-77bc52a9854d92dca59c.sh" ; /usr/bin/env git remote set-url origin git@github.com:phatnx/shop_katsu.git )
  INFO [80dd372e] Finished in 0.889 seconds with exit status 0 (successful).
  INFO [a4d528ac] Running /usr/bin/env git remote update --prune on 54.89.240.243
 DEBUG [a4d528ac] Command: cd /home/ubuntu/apps/shop_katsu/repo && ( export PATH="~/.rbenv/shims:~/.rbenv/bin:$PATH" RBENV_ROOT="$HOME/.rbenv" RBENV_VERSION="3.0.0" GIT_ASKPASS="/bin/echo" GIT_SSH="/tmp/git-ssh-77bc52a9854d92dca59c.sh" ; /usr/bin/env git remote update --prune )
 DEBUG [a4d528ac] 	Fetching origin
 DEBUG [a4d528ac] 	
 DEBUG [a4d528ac] 	remote: Enumerating objects: 15, done.[K
 DEBUG [a4d528ac] 	
 DEBUG [a4d528ac] 	remote: Counting objects:   6% (1/15)[K
 DEBUG [a4d528ac] 	remote: Counting objects:  13% (2/15)[K
 DEBUG [a4d528ac] 	remote: Counting objects:  20% (3/15)[K
 DEBUG [a4d528ac] 	remote: Counting objects:  26% (4/15)[K
 DEBUG [a4d528ac] 	remote: Counting objects:  33% (5/15)[K
 DEBUG [a4d528ac] 	remote: Counting objects:  40% (6/15)[K
 DEBUG [a4d528ac] 	remote: Counting objects:  46% (7/15)[K
 DEBUG [a4d528ac] 	remote: Counting objects:  53% (8/15)[K
 DEBUG [a4d528ac] 	remote: Counting objects:  60% (9/15)[K
 DEBUG [a4d528ac] 	remote: Counting objects:  66% (10/15)[K
 DEBUG [a4d528ac] 	remote: Counting objects:  73% (11/15)[K
 DEBUG [a4d528ac] 	remote: Counting objects:  80% (12/15)[K
 DEBUG [a4d528ac] 	remote: Counting objects:  86% (13/15)[K
 DEBUG [a4d528ac] 	remote: Counting objects:  93% (14/15)[K
 DEBUG [a4d528ac] 	remote: Counting objects: 100% (15/15)[K
 DEBUG [a4d528ac] 	remote: Counting objects: 100% (15/15), done.[K
 DEBUG [a4d528ac] 	
 DEBUG [a4d528ac] 	remote: Compressing objects:  50% (1/2)[K
 DEBUG [a4d528ac] 	remote: Compressing objects: 100% (2/2)[K
 DEBUG [a4d528ac] 	remote: Compressing objects: 100% (2/2), done.[K
 DEBUG [a4d528ac] 	
 DEBUG [a4d528ac] 	remote: Total 8 (delta 6), reused 8 (delta 6), pack-reused 0[K
 DEBUG [a4d528ac] 	
 DEBUG [a4d528ac] 	Unpacking objects:  12% (1/8)
 DEBUG [a4d528ac] 	Unpacking objects:  25% (2/8)
 DEBUG [a4d528ac] 	Unpacking objects:  37% (3/8)
 DEBUG [a4d528ac] 	Unpacking objects:  50% (4/8)
 DEBUG [a4d528ac] 	Unpacking objects:  62% (5/8)
 DEBUG [a4d528ac] 	Unpacking objects:  75% (6/8)
 DEBUG [a4d528ac] 	Unpacking objects:  87% (7/8)
 DEBUG [a4d528ac] 	Unpacking objects: 100% (8/8)
 DEBUG [a4d528ac] 	Unpacking objects: 100% (8/8), 3.45 KiB | 294.00 KiB/s, done.
 DEBUG [a4d528ac] 	
 DEBUG [a4d528ac] 	From github.com:phatnx/shop_katsu
 DEBUG [a4d528ac] 	
 DEBUG [a4d528ac] 	   cf320ee5..e561705f  master     -> master
 DEBUG [a4d528ac] 	
  INFO [a4d528ac] Finished in 2.153 seconds with exit status 0 (successful).
 DEBUG [ceb5617f] Running if test ! -d /home/ubuntu/apps/shop_katsu/repo; then echo "Directory does not exist '/home/ubuntu/apps/shop_katsu/repo'" 1>&2; false; fi on 54.89.240.243
 DEBUG [ceb5617f] Command: if test ! -d /home/ubuntu/apps/shop_katsu/repo; then echo "Directory does not exist '/home/ubuntu/apps/shop_katsu/repo'" 1>&2; false; fi
 DEBUG [ceb5617f] Finished in 0.828 seconds with exit status 0 (successful).
  INFO [261cec13] Running /usr/bin/env mkdir -p /home/ubuntu/apps/shop_katsu/releases/20240412074501 on 54.89.240.243
 DEBUG [261cec13] Command: cd /home/ubuntu/apps/shop_katsu/repo && ( export PATH="~/.rbenv/shims:~/.rbenv/bin:$PATH" RBENV_ROOT="$HOME/.rbenv" RBENV_VERSION="3.0.0" GIT_ASKPASS="/bin/echo" GIT_SSH="/tmp/git-ssh-77bc52a9854d92dca59c.sh" ; /usr/bin/env mkdir -p /home/ubuntu/apps/shop_katsu/releases/20240412074501 )
  INFO [261cec13] Finished in 0.835 seconds with exit status 0 (successful).
  INFO [cc1a12d7] Running /usr/bin/env git archive master | /usr/bin/env tar -x -f - -C /home/ubuntu/apps/shop_katsu/releases/20240412074501 on 54.89.240.243
 DEBUG [cc1a12d7] Command: cd /home/ubuntu/apps/shop_katsu/repo && ( export PATH="~/.rbenv/shims:~/.rbenv/bin:$PATH" RBENV_ROOT="$HOME/.rbenv" RBENV_VERSION="3.0.0" GIT_ASKPASS="/bin/echo" GIT_SSH="/tmp/git-ssh-77bc52a9854d92dca59c.sh" ; /usr/bin/env git archive master | /usr/bin/env tar -x -f - -C /home/ubuntu/apps/shop_katsu/releases/20240412074501 )
  INFO [cc1a12d7] Finished in 3.572 seconds with exit status 0 (successful).
 DEBUG [1c1a819f] Running if test ! -d /home/ubuntu/apps/shop_katsu/repo; then echo "Directory does not exist '/home/ubuntu/apps/shop_katsu/repo'" 1>&2; false; fi on 54.89.240.243
 DEBUG [1c1a819f] Command: if test ! -d /home/ubuntu/apps/shop_katsu/repo; then echo "Directory does not exist '/home/ubuntu/apps/shop_katsu/repo'" 1>&2; false; fi
 DEBUG [1c1a819f] Finished in 0.828 seconds with exit status 0 (successful).
 DEBUG [32b9a3b1] Running /usr/bin/env git rev-list --max-count=1 master on 54.89.240.243
 DEBUG [32b9a3b1] Command: cd /home/ubuntu/apps/shop_katsu/repo && ( export PATH="~/.rbenv/shims:~/.rbenv/bin:$PATH" RBENV_ROOT="$HOME/.rbenv" RBENV_VERSION="3.0.0" GIT_ASKPASS="/bin/echo" GIT_SSH="/tmp/git-ssh-77bc52a9854d92dca59c.sh" ; /usr/bin/env git rev-list --max-count=1 master )
 DEBUG [32b9a3b1] 	e561705f276a0005629533945fc8c4b1dd2d62b9
 DEBUG [32b9a3b1] 	
 DEBUG [32b9a3b1] Finished in 0.901 seconds with exit status 0 (successful).
 DEBUG [e497521e] Running if test ! -d /home/ubuntu/apps/shop_katsu/releases/20240412074501; then echo "Directory does not exist '/home/ubuntu/apps/shop_katsu/releases/20240412074501'" 1>&2; false; fi on 54.89.240.243
 DEBUG [e497521e] Command: if test ! -d /home/ubuntu/apps/shop_katsu/releases/20240412074501; then echo "Directory does not exist '/home/ubuntu/apps/shop_katsu/releases/20240412074501'" 1>&2; false; fi
 DEBUG [e497521e] Finished in 0.828 seconds with exit status 0 (successful).
  INFO [59304f06] Running /usr/bin/env echo "e561705f276a0005629533945fc8c4b1dd2d62b9" > REVISION on 54.89.240.243
 DEBUG [59304f06] Command: cd /home/ubuntu/apps/shop_katsu/releases/20240412074501 && ( export PATH="~/.rbenv/shims:~/.rbenv/bin:$PATH" RBENV_ROOT="$HOME/.rbenv" RBENV_VERSION="3.0.0" ; /usr/bin/env echo "e561705f276a0005629533945fc8c4b1dd2d62b9" > REVISION )
  INFO [59304f06] Finished in 0.832 seconds with exit status 0 (successful).
  INFO [9133f251] Running /usr/bin/env mkdir -p /home/ubuntu/apps/shop_katsu/releases/20240412074501/public on 54.89.240.243
 DEBUG [9133f251] Command: ( export PATH="~/.rbenv/shims:~/.rbenv/bin:$PATH" RBENV_ROOT="$HOME/.rbenv" RBENV_VERSION="3.0.0" ; /usr/bin/env mkdir -p /home/ubuntu/apps/shop_katsu/releases/20240412074501/public )
  INFO [9133f251] Finished in 0.838 seconds with exit status 0 (successful).
 DEBUG [c38916b7] Running [ -L /home/ubuntu/apps/shop_katsu/releases/20240412074501/public/assets ] on 54.89.240.243
 DEBUG [c38916b7] Command: [ -L /home/ubuntu/apps/shop_katsu/releases/20240412074501/public/assets ]
 DEBUG [c38916b7] Finished in 0.827 seconds with exit status 1 (failed).
 DEBUG [4a231be2] Running [ -d /home/ubuntu/apps/shop_katsu/releases/20240412074501/public/assets ] on 54.89.240.243
 DEBUG [4a231be2] Command: [ -d /home/ubuntu/apps/shop_katsu/releases/20240412074501/public/assets ]
 DEBUG [4a231be2] Finished in 0.828 seconds with exit status 0 (successful).
  INFO [85e1dfd2] Running /usr/bin/env rm -rf /home/ubuntu/apps/shop_katsu/releases/20240412074501/public/assets on 54.89.240.243
 DEBUG [85e1dfd2] Command: ( export PATH="~/.rbenv/shims:~/.rbenv/bin:$PATH" RBENV_ROOT="$HOME/.rbenv" RBENV_VERSION="3.0.0" ; /usr/bin/env rm -rf /home/ubuntu/apps/shop_katsu/releases/20240412074501/public/assets )
  INFO [85e1dfd2] Finished in 0.858 seconds with exit status 0 (successful).
  INFO [5233aec9] Running /usr/bin/env ln -s /home/ubuntu/apps/shop_katsu/shared/public/assets /home/ubuntu/apps/shop_katsu/releases/20240412074501/public/assets on 54.89.240.243
 DEBUG [5233aec9] Command: ( export PATH="~/.rbenv/shims:~/.rbenv/bin:$PATH" RBENV_ROOT="$HOME/.rbenv" RBENV_VERSION="3.0.0" ; /usr/bin/env ln -s /home/ubuntu/apps/shop_katsu/shared/public/assets /home/ubuntu/apps/shop_katsu/releases/20240412074501/public/assets )
  INFO [5233aec9] Finished in 0.841 seconds with exit status 0 (successful).
 DEBUG [92189da6] Running if test ! -d /home/ubuntu/apps/shop_katsu/releases/20240412074501; then echo "Directory does not exist '/home/ubuntu/apps/shop_katsu/releases/20240412074501'" 1>&2; false; fi on 54.89.240.243
 DEBUG [92189da6] Command: if test ! -d /home/ubuntu/apps/shop_katsu/releases/20240412074501; then echo "Directory does not exist '/home/ubuntu/apps/shop_katsu/releases/20240412074501'" 1>&2; false; fi
 DEBUG [92189da6] Finished in 0.852 seconds with exit status 0 (successful).
  INFO [1c89450b] Running $HOME/.rbenv/bin/rbenv exec bundle config --local deployment true on 54.89.240.243
 DEBUG [1c89450b] Command: cd /home/ubuntu/apps/shop_katsu/releases/20240412074501 && ( export PATH="~/.rbenv/shims:~/.rbenv/bin:$PATH" RBENV_ROOT="$HOME/.rbenv" RBENV_VERSION="3.0.0" ; $HOME/.rbenv/bin/rbenv exec bundle config --local deployment true )
  INFO [1c89450b] Finished in 1.237 seconds with exit status 0 (successful).
  INFO [ccf33e69] Running $HOME/.rbenv/bin/rbenv exec bundle config --local path /home/ubuntu/apps/shop_katsu/shared/bundle on 54.89.240.243
 DEBUG [ccf33e69] Command: cd /home/ubuntu/apps/shop_katsu/releases/20240412074501 && ( export PATH="~/.rbenv/shims:~/.rbenv/bin:$PATH" RBENV_ROOT="$HOME/.rbenv" RBENV_VERSION="3.0.0" ; $HOME/.rbenv/bin/rbenv exec bundle config --local path /home/ubuntu/apps/shop_katsu/shared/bundle )
  INFO [ccf33e69] Finished in 1.046 seconds with exit status 0 (successful).
  INFO [8c641612] Running $HOME/.rbenv/bin/rbenv exec bundle config --local without development:test on 54.89.240.243
 DEBUG [8c641612] Command: cd /home/ubuntu/apps/shop_katsu/releases/20240412074501 && ( export PATH="~/.rbenv/shims:~/.rbenv/bin:$PATH" RBENV_ROOT="$HOME/.rbenv" RBENV_VERSION="3.0.0" ; $HOME/.rbenv/bin/rbenv exec bundle config --local without development:test )
  INFO [8c641612] Finished in 1.032 seconds with exit status 0 (successful).
 DEBUG [232189ac] Running if test ! -d /home/ubuntu/apps/shop_katsu/releases/20240412074501; then echo "Directory does not exist '/home/ubuntu/apps/shop_katsu/releases/20240412074501'" 1>&2; false; fi on 54.89.240.243
 DEBUG [232189ac] Command: if test ! -d /home/ubuntu/apps/shop_katsu/releases/20240412074501; then echo "Directory does not exist '/home/ubuntu/apps/shop_katsu/releases/20240412074501'" 1>&2; false; fi
 DEBUG [232189ac] Finished in 0.834 seconds with exit status 0 (successful).
 DEBUG [08892076] Running $HOME/.rbenv/bin/rbenv exec bundle check on 54.89.240.243
 DEBUG [08892076] Command: cd /home/ubuntu/apps/shop_katsu/releases/20240412074501 && ( export PATH="~/.rbenv/shims:~/.rbenv/bin:$PATH" RBENV_ROOT="$HOME/.rbenv" RBENV_VERSION="3.0.0" ; $HOME/.rbenv/bin/rbenv exec bundle check )
 DEBUG [08892076] 	[33mWarning: the running version of Bundler (2.2.3) is older than the version that created the lockfile (2.2.24). We suggest you to upgrade to the version that created the lockfile by running `gem install bundler:2.2.24`.
 DEBUG [08892076] 	
 DEBUG [08892076] 	[0m
 DEBUG [08892076] 	The Gemfile's dependencies are satisfied
 DEBUG [08892076] 	
 DEBUG [08892076] Finished in 2.297 seconds with exit status 0 (successful).
  INFO The Gemfile's dependencies are satisfied, skipping installation
 DEBUG [282b8776] Running if test ! -d /home/ubuntu/apps/shop_katsu/releases/20240412074501; then echo "Directory does not exist '/home/ubuntu/apps/shop_katsu/releases/20240412074501'" 1>&2; false; fi on 54.89.240.243
 DEBUG [282b8776] Command: if test ! -d /home/ubuntu/apps/shop_katsu/releases/20240412074501; then echo "Directory does not exist '/home/ubuntu/apps/shop_katsu/releases/20240412074501'" 1>&2; false; fi
 DEBUG [282b8776] Finished in 0.850 seconds with exit status 0 (successful).
  INFO [55a806e9] Running $HOME/.rbenv/bin/rbenv exec bundle exec rake assets:precompile on 54.89.240.243
 DEBUG [55a806e9] Command: cd /home/ubuntu/apps/shop_katsu/releases/20240412074501 && ( export PATH="~/.rbenv/shims:~/.rbenv/bin:$PATH" RBENV_ROOT="$HOME/.rbenv" RBENV_VERSION="3.0.0" RAILS_ENV="production" RAILS_GROUPS="" ; $HOME/.rbenv/bin/rbenv exec bundle exec rake assets:precompile )
 DEBUG [55a806e9] 	[2K
 DEBUG [55a806e9] 	[1G
 DEBUG [55a806e9] 	[1myarn install v1.22.19[22m
 DEBUG [55a806e9] 	
 DEBUG [55a806e9] 	[2K
 DEBUG [55a806e9] 	[1G
 DEBUG [55a806e9] 	[33mwarning[39m package-lock.json found. Your project contains lock files generated by tools other than Yarn. It is advised not to mix package managers in order to avoid resolution inconsistencies caused by unsynchronized lock files. To clear this warning, remove package-lock.json.
 DEBUG [55a806e9] 	
 DEBUG [55a806e9] 	[2K
 DEBUG [55a806e9] 	[1G
 DEBUG [55a806e9] 	[2m[1/4][22m Resolving packages...
 DEBUG [55a806e9] 	
 DEBUG [55a806e9] 	[1G
 DEBUG [55a806e9] 	â  
 DEBUG [55a806e9] 	[0K
 DEBUG [55a806e9] 	[2K
 DEBUG [55a806e9] 	[1G
 DEBUG [55a806e9] 	[2K
 DEBUG [55a806e9] 	[1G
 DEBUG [55a806e9] 	[2m[2/4][22m Fetching packages...
 DEBUG [55a806e9] 	
 DEBUG [55a806e9] 	[2K
 DEBUG [55a806e9] 	[1G
 DEBUG [55a806e9] 	[2m[3/4][22m Linking dependencies...
 DEBUG [55a806e9] 	
 DEBUG [55a806e9] 	[2K
 DEBUG [55a806e9] 	[1G
 DEBUG [55a806e9] 	[2m[4/4][22m Building fresh packages...
 DEBUG [55a806e9] 	
 DEBUG [55a806e9] 	[2K
 DEBUG [55a806e9] 	[1G
 DEBUG [55a806e9] 	Done in 8.47s.
 DEBUG [55a806e9] 	
 DEBUG [55a806e9] 	W, [2024-04-12T07:45:52.275591 #71331]  WARN -- : Removed sourceMappingURL comment for missing asset 'rails_admin/jquery-migrate.min.map' from /home/ubuntu/apps/shop_katsu/shared/bundle/ruby/3.0.0/gems/rails_admin-2.2.1/app/assets/javascripts/rails_admin/jquery.migrate.js
 DEBUG [55a806e9] 	
 DEBUG [55a806e9] 	W, [2024-04-12T07:45:59.581971 #71331]  WARN -- : Removed sourceMappingURL comment for missing asset './chartkick.min.js.map' from /home/ubuntu/apps/shop_katsu/releases/20240412074501/app/assets/javascripts/chartkick.min.js
 DEBUG [55a806e9] 	
 DEBUG [55a806e9] 	W, [2024-04-12T07:46:49.535670 #71331]  WARN -- : Removed sourceMappingURL comment for missing asset 'jquery.zoomtoo.js.map' from /home/ubuntu/apps/shop_katsu/releases/20240412074501/app/assets/javascripts/jquery.zoomtoo.js
 DEBUG [55a806e9] 	
 DEBUG [55a806e9] 	W, [2024-04-12T07:46:50.768805 #71331]  WARN -- : Removed sourceMappingURL comment for missing asset 'lightbox.min.map' from /home/ubuntu/apps/shop_katsu/releases/20240412074501/app/assets/javascripts/lightbox.min.js
 DEBUG [55a806e9] 	
 DEBUG [55a806e9] 	rake aborted!
 DEBUG [55a806e9] 	
 DEBUG [55a806e9] 	Uglifier::Error: Unexpected token: punc (,). To use ES6 syntax, harmony mode must be enabled with Uglifier.new(:harmony => true).
 DEBUG [55a806e9] 	
 DEBUG [55a806e9] 	--
 DEBUG [55a806e9] 	
 DEBUG [55a806e9] 	[36m 17[0m           search = $(this).val();
 DEBUG [55a806e9] 	
 DEBUG [55a806e9] 	[36m 18[0m           $.ajax({
[36m 19[0m             url: module.settings.api.search,
[36m 20[0m             headers: {
[36m 21[0m               Authorization: "Bearer " //z9SNcLnCMHJUXdtzU0VBeQ
 DEBUG [55a806e9] 	
[36m 22[0m             },
[36m 23[0m             type: "POST",
[36m 24[0m             data: {
[91m => [0m              search[91m,[0m
[36m 26[0m             },
[36m 27[0m             dataType: "json",
[36m 28[0m             success: function (data) {
[36m 29[0m               if (data.code == 200) {
 DEBUG [55a806e9] 	[36m 30[0m                   console.log(data);
[36m 31[0m                 var template_search = Handlebars.compile(
[36m 32[0m                     module.settings.template.search.html()
[36m 33[0m                   );
==
/home/ubuntu/apps/shop_katsu/shared/bundle/ruby/3.0.0/gems/uglifier-4.2.0/lib/uglifier.rb:291:in `parse_result'
 DEBUG [55a806e9] 	
 DEBUG [55a806e9] 	/home/ubuntu/apps/shop_katsu/shared/bundle/ruby/3.0.0/gems/uglifier-4.2.0/lib/uglifier.rb:221:in `run_uglifyjs'
 DEBUG [55a806e9] 	
 DEBUG [55a806e9] 	/home/ubuntu/apps/shop_katsu/shared/bundle/ruby/3.0.0/gems/uglifier-4.2.0/lib/uglifier.rb:176:in `compile_with_map'
 DEBUG [55a806e9] 	
 DEBUG [55a806e9] 	/home/ubuntu/apps/shop_katsu/shared/bundle/ruby/3.0.0/gems/sprockets-4.2.1/lib/sprockets/uglifier_compressor.rb:58:in `call'
 DEBUG [55a806e9] 	
 DEBUG [55a806e9] 	/home/ubuntu/apps/shop_katsu/shared/bundle/ruby/3.0.0/gems/sprockets-4.2.1/lib/sprockets/uglifier_compressor.rb:30:in `call'
 DEBUG [55a806e9] 	
 DEBUG [55a806e9] 	/home/ubuntu/apps/shop_katsu/shared/bundle/ruby/3.0.0/gems/sprockets-4.2.1/lib/sprockets/processor_utils.rb:84:in `call_processor'
/home/ubuntu/apps/shop_katsu/shared/bundle/ruby/3.0.0/gems/sprockets-4.2.1/lib/sprockets/processor_utils.rb:66:in `block in call_processors'
 DEBUG [55a806e9] 	
/home/ubuntu/apps/shop_katsu/shared/bundle/ruby/3.0.0/gems/sprockets-4.2.1/lib/sprockets/processor_utils.rb:65:in `reverse_each'
/home/ubuntu/apps/shop_katsu/shared/bundle/ruby/3.0.0/gems/sprockets-4.2.1/lib/sprockets/processor_utils.rb:65:in `call_processors'
/home/ubuntu/apps/shop_katsu/shared/bundle/ruby/3.0.0/gems/sprockets-4.2.1/lib/sprockets/loader.rb:184:in `load_from_unloaded'
/home/ubuntu/apps/shop_katsu/shared/bundle/ruby/3.0.0/gems/sprockets-4.2.1/lib/sprockets/loader.rb:59:in `block in load'
/home/ubuntu/apps/shop_katsu/shared/bundle/ruby/3.0.0/gems/sprockets-4.2.1/lib/sprockets/loader.rb:339:in `fetch_asset_from_dependency_cache'
/home/ubuntu/apps/shop_katsu/shared/bundle/ruby/3.0.0/gems/sprockets-4.2.1/lib/sprockets/loader.rb:43:in `load'
/home/ubuntu/apps/shop_katsu/shared/bundle/ruby/3.0.0/gems/sprockets-4.2.1/lib/sprockets/cached_environment.rb:44:in `block in load'
 DEBUG [55a806e9] 	/home/ubuntu/apps/shop_katsu/shared/bundle/ruby/3.0.0/gems/concurrent-ruby-1.2.3/lib/concurrent-ruby/concurrent/map.rb:207:in `block in fetch_or_store'
/home/ubuntu/apps/shop_katsu/shared/bundle/ruby/3.0.0/gems/concurrent-ruby-1.2.3/lib/concurrent-ruby/concurrent/map.rb:187:in `fetch'
/home/ubuntu/apps/shop_katsu/shared/bundle/ruby/3.0.0/gems/concurrent-ruby-1.2.3/lib/concurrent-ruby/concurrent/map.rb:206:in `fetch_or_store'
/home/ubuntu/apps/shop_katsu/shared/bundle/ruby/3.0.0/gems/sprockets-4.2.1/lib/sprockets/cached_environment.rb:44:in `load'
/home/ubuntu/apps/shop_katsu/shared/bundle/ruby/3.0.0/gems/sprockets-4.2.1/lib/sprockets/bundle.rb:32:in `block in call'
/home/ubuntu/apps/shop_katsu/shared/bundle/ruby/3.0.0/gems/sprockets-4.2.1/lib/sprockets/bundle.rb:31:in `call'
/home/ubuntu/apps/shop_katsu/shared/bundle/ruby/3.0.0/gems/sprockets-4.2.1/lib/sprockets/processor_utils.rb:84:in `call_processor'
/home/ubuntu/apps/shop_katsu/shared/bundle/ruby/3.0.0/gems/sprockets-4.2.1/lib/sprockets/processor_utils.rb:66:in `block in call_processors'
/home/ubuntu/apps/shop_katsu/shared/bundle/ruby/3.0.0/gems/sprockets-4.2.1/lib/sprockets/processor_utils.rb:65:in `reverse_each'
/home/ubuntu/apps/shop_katsu/shared/bundle/ruby/3.0.0/gems/sprockets-4.2.1/lib/sprockets/processor_utils.rb:65:in `call_processors'
/home/ubuntu/apps/shop_katsu/shared/bundle/ruby/3.0.0/gems/sprockets-4.2.1/lib/sprockets/loader.rb:184:in `load_from_unloaded'
/home/ubuntu/apps/shop_katsu/shared/bundle/ruby/3.0.0/gems/sprockets-4.2.1/lib/sprockets/loader.rb:59:in `block in load'
/home/ubuntu/apps/shop_katsu/shared/bundle/ruby/3.0.0/gems/sprockets-4.2.1/lib/sprockets/loader.rb:339:in `fetch_asset_from_dependency_cache'
/home/ubuntu/apps/shop_katsu/shared/bundle/ruby/3.0.0/gems/sprockets-4.2.1/lib/sprockets/loader.rb:43:in `load'
/home/ubuntu/apps/shop_katsu/shared/bundle/ruby/3.0.0/gems/sprockets-4.2.1/lib/sprockets/cached_environment.rb:44:in `block in load'
 DEBUG [55a806e9] 	
/home/ubuntu/apps/shop_katsu/shared/bundle/ruby/3.0.0/gems/concurrent-ruby-1.2.3/lib/concurrent-ruby/concurrent/map.rb:207:in `block in fetch_or_store'
/home/ubuntu/apps/shop_katsu/shared/bundle/ruby/3.0.0/gems/concurrent-ruby-1.2.3/lib/concurrent-ruby/concurrent/map.rb:187:in `fetch'
/home/ubuntu/apps/shop_katsu/shared/bundle/ruby/3.0.0/gems/concurrent-ruby-1.2.3/lib/concurrent-ruby/concurrent/map.rb:206:in `fetch_or_store'
/home/ubuntu/apps/shop_katsu/shared/bundle/ruby/3.0.0/gems/sprockets-4.2.1/lib/sprockets/cached_environment.rb:44:in `load'
/home/ubuntu/apps/shop_katsu/shared/bundle/ruby/3.0.0/gems/sprockets-4.2.1/lib/sprockets/base.rb:81:in `find_asset'
/home/ubuntu/apps/shop_katsu/shared/bundle/ruby/3.0.0/gems/sprockets-4.2.1/lib/sprockets/base.rb:88:in `find_all_linked_assets'
/home/ubuntu/apps/shop_katsu/shared/bundle/ruby/3.0.0/gems/sprockets-4.2.1/lib/sprockets/manifest.rb:125:in `each'
/home/ubuntu/apps/shop_katsu/shared/bundle/ruby/3.0.0/gems/sprockets-4.2.1/lib/sprockets/manifest.rb:125:in `to_a'
/home/ubuntu/apps/shop_katsu/shared/bundle/ruby/3.0.0/gems/sprockets-4.2.1/lib/sprockets/manifest.rb:125:in `block (2 levels) in find'
/home/ubuntu/apps/shop_katsu/shared/bundle/ruby/3.0.0/gems/concurrent-ruby-1.2.3/lib/concurrent-ruby/concurrent/executor/safe_task_executor.rb:24:in `block in execute'
/home/ubuntu/apps/shop_katsu/shared/bundle/ruby/3.0.0/gems/concurrent-ruby-1.2.3/lib/concurrent-ruby/concurrent/synchronization/mutex_lockable_object.rb:48:in `block in synchronize'
/home/ubuntu/apps/shop_katsu/shared/bundle/ruby/3.0.0/gems/concurrent-ruby-1.2.3/lib/concurrent-ruby/concurrent/synchronization/mutex_lockable_object.rb:48:in `synchronize'
/home/ubuntu/apps/shop_katsu/shared/bundle/ruby/3.0.0/gems/concurrent-ruby-1.2.3/lib/concurrent-ruby/concurrent/synchronization/mutex_lockable_object.rb:48:in `synchronize'
 DEBUG [55a806e9] 	/home/ubuntu/apps/shop_katsu/shared/bundle/ruby/3.0.0/gems/concurrent-ruby-1.2.3/lib/concurrent-ruby/concurrent/executor/safe_task_executor.rb:22:in `execute'
/home/ubuntu/apps/shop_katsu/shared/bundle/ruby/3.0.0/gems/concurrent-ruby-1.2.3/lib/concurrent-ruby/concurrent/promise.rb:564:in `block in realize'
/home/ubuntu/apps/shop_katsu/shared/bundle/ruby/3.0.0/gems/concurrent-ruby-1.2.3/lib/concurrent-ruby/concurrent/executor/ruby_thread_pool_executor.rb:359:in `run_task'
/home/ubuntu/apps/shop_katsu/shared/bundle/ruby/3.0.0/gems/concurrent-ruby-1.2.3/lib/concurrent-ruby/concurrent/executor/ruby_thread_pool_executor.rb:350:in `block (3 levels) in create_worker'
/home/ubuntu/apps/shop_katsu/shared/bundle/ruby/3.0.0/gems/concurrent-ruby-1.2.3/lib/concurrent-ruby/concurrent/executor/ruby_thread_pool_executor.rb:341:in `loop'
/home/ubuntu/apps/shop_katsu/shared/bundle/ruby/3.0.0/gems/concurrent-ruby-1.2.3/lib/concurrent-ruby/concurrent/executor/ruby_thread_pool_executor.rb:341:in `block (2 levels) in create_worker'
/home/ubuntu/apps/shop_katsu/shared/bundle/ruby/3.0.0/gems/concurrent-ruby-1.2.3/lib/concurrent-ruby/concurrent/executor/ruby_thread_pool_executor.rb:340:in `catch'
/home/ubuntu/apps/shop_katsu/shared/bundle/ruby/3.0.0/gems/concurrent-ruby-1.2.3/lib/concurrent-ruby/concurrent/executor/ruby_thread_pool_executor.rb:340:in `block in create_worker'
Tasks: TOP => assets:precompile
 DEBUG [55a806e9] 	
 DEBUG [55a806e9] 	(See full trace by running task with --trace)
 DEBUG [55a806e9] 	
